<?xml version="1.0" encoding="UTF-8"?>
<testsuite xmlns:xsi="http://www.w3.org/2001/XMLSchema-instance" xsi:noNamespaceSchemaLocation="https://maven.apache.org/surefire/maven-failsafe-plugin/xsd/failsafe-test-report-3.0.xsd" version="3.0" name="com.mycompany.myapp.web.rest.UserResourceIT" time="0.51" tests="16" errors="0" skipped="0" failures="0">
  <properties>
    <property name="sun.desktop" value="gnome"/>
    <property name="awt.toolkit" value="sun.awt.X11.XToolkit"/>
    <property name="java.specification.version" value="11"/>
    <property name="sun.cpu.isalist" value=""/>
    <property name="sun.jnu.encoding" value="UTF-8"/>
    <property name="java.class.path" value="/home/karthik/cynapseTech/target/test-classes:/home/karthik/cynapseTech/target/classes:/home/karthik/.m2/repository/tech/jhipster/jhipster-framework/7.0.0/jhipster-framework-7.0.0.jar:/home/karthik/.m2/repository/org/springframework/spring-context-support/5.3.5/spring-context-support-5.3.5.jar:/home/karthik/.m2/repository/org/springframework/spring-beans/5.3.5/spring-beans-5.3.5.jar:/home/karthik/.m2/repository/org/springframework/spring-context/5.3.5/spring-context-5.3.5.jar:/home/karthik/.m2/repository/org/springframework/boot/spring-boot-starter-validation/2.4.4/spring-boot-starter-validation-2.4.4.jar:/home/karthik/.m2/repository/org/springframework/boot/spring-boot-autoconfigure/2.4.4/spring-boot-autoconfigure-2.4.4.jar:/home/karthik/.m2/repository/org/springframework/boot/spring-boot-starter-aop/2.4.4/spring-boot-starter-aop-2.4.4.jar:/home/karthik/.m2/repository/org/aspectj/aspectjweaver/1.9.6/aspectjweaver-1.9.6.jar:/home/karthik/.m2/repository/net/logstash/logback/logstash-logback-encoder/6.6/logstash-logback-encoder-6.6.jar:/home/karthik/.m2/repository/javax/annotation/javax.annotation-api/1.3.2/javax.annotation-api-1.3.2.jar:/home/karthik/.m2/repository/org/springframework/boot/spring-boot-starter-cache/2.4.4/spring-boot-starter-cache-2.4.4.jar:/home/karthik/.m2/repository/org/springframework/boot/spring-boot-starter/2.4.4/spring-boot-starter-2.4.4.jar:/home/karthik/.m2/repository/jakarta/annotation/jakarta.annotation-api/1.3.5/jakarta.annotation-api-1.3.5.jar:/home/karthik/.m2/repository/org/yaml/snakeyaml/1.27/snakeyaml-1.27.jar:/home/karthik/.m2/repository/com/fasterxml/jackson/module/jackson-module-jaxb-annotations/2.11.4/jackson-module-jaxb-annotations-2.11.4.jar:/home/karthik/.m2/repository/com/fasterxml/jackson/core/jackson-annotations/2.11.4/jackson-annotations-2.11.4.jar:/home/karthik/.m2/repository/com/fasterxml/jackson/core/jackson-core/2.11.4/jackson-core-2.11.4.jar:/home/karthik/.m2/repository/com/fasterxml/jackson/core/jackson-databind/2.11.4/jackson-databind-2.11.4.jar:/home/karthik/.m2/repository/jakarta/xml/bind/jakarta.xml.bind-api/2.3.3/jakarta.xml.bind-api-2.3.3.jar:/home/karthik/.m2/repository/jakarta/activation/jakarta.activation-api/1.2.2/jakarta.activation-api-1.2.2.jar:/home/karthik/.m2/repository/com/fasterxml/jackson/datatype/jackson-datatype-hibernate5/2.11.4/jackson-datatype-hibernate5-2.11.4.jar:/home/karthik/.m2/repository/javax/transaction/javax.transaction-api/1.3/javax.transaction-api-1.3.jar:/home/karthik/.m2/repository/com/fasterxml/jackson/datatype/jackson-datatype-hppc/2.11.4/jackson-datatype-hppc-2.11.4.jar:/home/karthik/.m2/repository/com/carrotsearch/hppc/0.8.1/hppc-0.8.1.jar:/home/karthik/.m2/repository/com/fasterxml/jackson/datatype/jackson-datatype-jsr310/2.11.4/jackson-datatype-jsr310-2.11.4.jar:/home/karthik/.m2/repository/com/h2database/h2/1.4.200/h2-1.4.200.jar:/home/karthik/.m2/repository/io/springfox/springfox-oas/3.0.0/springfox-oas-3.0.0.jar:/home/karthik/.m2/repository/io/swagger/core/v3/swagger-annotations/2.1.2/swagger-annotations-2.1.2.jar:/home/karthik/.m2/repository/io/swagger/core/v3/swagger-models/2.1.2/swagger-models-2.1.2.jar:/home/karthik/.m2/repository/io/springfox/springfox-spi/3.0.0/springfox-spi-3.0.0.jar:/home/karthik/.m2/repository/io/springfox/springfox-schema/3.0.0/springfox-schema-3.0.0.jar:/home/karthik/.m2/repository/io/springfox/springfox-core/3.0.0/springfox-core-3.0.0.jar:/home/karthik/.m2/repository/io/springfox/springfox-spring-web/3.0.0/springfox-spring-web-3.0.0.jar:/home/karthik/.m2/repository/io/github/classgraph/classgraph/4.8.83/classgraph-4.8.83.jar:/home/karthik/.m2/repository/io/springfox/springfox-spring-webmvc/3.0.0/springfox-spring-webmvc-3.0.0.jar:/home/karthik/.m2/repository/io/springfox/springfox-spring-webflux/3.0.0/springfox-spring-webflux-3.0.0.jar:/home/karthik/.m2/repository/io/springfox/springfox-swagger-common/3.0.0/springfox-swagger-common-3.0.0.jar:/home/karthik/.m2/repository/com/fasterxml/classmate/1.5.1/classmate-1.5.1.jar:/home/karthik/.m2/repository/org/slf4j/slf4j-api/1.7.30/slf4j-api-1.7.30.jar:/home/karthik/.m2/repository/org/springframework/plugin/spring-plugin-core/2.0.0.RELEASE/spring-plugin-core-2.0.0.RELEASE.jar:/home/karthik/.m2/repository/org/springframework/plugin/spring-plugin-metadata/2.0.0.RELEASE/spring-plugin-metadata-2.0.0.RELEASE.jar:/home/karthik/.m2/repository/io/springfox/springfox-swagger2/3.0.0/springfox-swagger2-3.0.0.jar:/home/karthik/.m2/repository/io/swagger/swagger-annotations/1.5.20/swagger-annotations-1.5.20.jar:/home/karthik/.m2/repository/io/swagger/swagger-models/1.5.20/swagger-models-1.5.20.jar:/home/karthik/.m2/repository/io/springfox/springfox-bean-validators/3.0.0/springfox-bean-validators-3.0.0.jar:/home/karthik/.m2/repository/com/zaxxer/HikariCP/3.4.5/HikariCP-3.4.5.jar:/home/karthik/.m2/repository/org/apache/commons/commons-lang3/3.11/commons-lang3-3.11.jar:/home/karthik/.m2/repository/org/testcontainers/mysql/1.15.2/mysql-1.15.2.jar:/home/karthik/.m2/repository/org/testcontainers/jdbc/1.15.2/jdbc-1.15.2.jar:/home/karthik/.m2/repository/org/testcontainers/database-commons/1.15.2/database-commons-1.15.2.jar:/home/karthik/.m2/repository/org/testcontainers/testcontainers/1.15.2/testcontainers-1.15.2.jar:/home/karthik/.m2/repository/junit/junit/4.13.2/junit-4.13.2.jar:/home/karthik/.m2/repository/org/hamcrest/hamcrest-core/2.2/hamcrest-core-2.2.jar:/home/karthik/.m2/repository/org/rnorth/duct-tape/duct-tape/1.0.8/duct-tape-1.0.8.jar:/home/karthik/.m2/repository/org/rnorth/visible-assertions/visible-assertions/2.1.2/visible-assertions-2.1.2.jar:/home/karthik/.m2/repository/net/java/dev/jna/jna/5.2.0/jna-5.2.0.jar:/home/karthik/.m2/repository/com/github/docker-java/docker-java-api/3.2.7/docker-java-api-3.2.7.jar:/home/karthik/.m2/repository/com/github/docker-java/docker-java-transport-zerodep/3.2.7/docker-java-transport-zerodep-3.2.7.jar:/home/karthik/.m2/repository/com/github/docker-java/docker-java-transport/3.2.7/docker-java-transport-3.2.7.jar:/home/karthik/.m2/repository/javax/cache/cache-api/1.1.1/cache-api-1.1.1.jar:/home/karthik/.m2/repository/mysql/mysql-connector-java/8.0.22/mysql-connector-java-8.0.22.jar:/home/karthik/.m2/repository/com/google/protobuf/protobuf-java/3.11.4/protobuf-java-3.11.4.jar:/home/karthik/.m2/repository/org/ehcache/ehcache/3.9.2/ehcache-3.9.2.jar:/home/karthik/.m2/repository/org/glassfish/jaxb/jaxb-runtime/2.3.3/jaxb-runtime-2.3.3.jar:/home/karthik/.m2/repository/org/glassfish/jaxb/txw2/2.3.3/txw2-2.3.3.jar:/home/karthik/.m2/repository/com/sun/istack/istack-commons-runtime/3.0.11/istack-commons-runtime-3.0.11.jar:/home/karthik/.m2/repository/com/sun/activation/jakarta.activation/1.2.2/jakarta.activation-1.2.2.jar:/home/karthik/.m2/repository/org/hibernate/hibernate-jcache/5.4.29.Final/hibernate-jcache-5.4.29.Final.jar:/home/karthik/.m2/repository/org/jboss/logging/jboss-logging/3.4.1.Final/jboss-logging-3.4.1.Final.jar:/home/karthik/.m2/repository/org/hibernate/hibernate-jpamodelgen/5.4.29.Final/hibernate-jpamodelgen-5.4.29.Final.jar:/home/karthik/.m2/repository/javax/xml/bind/jaxb-api/2.3.1/jaxb-api-2.3.1.jar:/home/karthik/.m2/repository/org/hibernate/hibernate-core/5.4.29.Final/hibernate-core-5.4.29.Final.jar:/home/karthik/.m2/repository/javax/persistence/javax.persistence-api/2.2/javax.persistence-api-2.2.jar:/home/karthik/.m2/repository/org/javassist/javassist/3.27.0-GA/javassist-3.27.0-GA.jar:/home/karthik/.m2/repository/net/bytebuddy/byte-buddy/1.10.22/byte-buddy-1.10.22.jar:/home/karthik/.m2/repository/antlr/antlr/2.7.7/antlr-2.7.7.jar:/home/karthik/.m2/repository/org/jboss/spec/javax/transaction/jboss-transaction-api_1.2_spec/1.1.1.Final/jboss-transaction-api_1.2_spec-1.1.1.Final.jar:/home/karthik/.m2/repository/org/jboss/jandex/2.2.3.Final/jandex-2.2.3.Final.jar:/home/karthik/.m2/repository/javax/activation/javax.activation-api/1.2.0/javax.activation-api-1.2.0.jar:/home/karthik/.m2/repository/org/dom4j/dom4j/2.1.3/dom4j-2.1.3.jar:/home/karthik/.m2/repository/org/hibernate/common/hibernate-commons-annotations/5.1.2.Final/hibernate-commons-annotations-5.1.2.Final.jar:/home/karthik/.m2/repository/org/hibernate/validator/hibernate-validator/6.1.7.Final/hibernate-validator-6.1.7.Final.jar:/home/karthik/.m2/repository/jakarta/validation/jakarta.validation-api/2.0.2/jakarta.validation-api-2.0.2.jar:/home/karthik/.m2/repository/org/liquibase/liquibase-core/4.3.1/liquibase-core-4.3.1.jar:/home/karthik/.m2/repository/org/mapstruct/mapstruct/1.4.2.Final/mapstruct-1.4.2.Final.jar:/home/karthik/.m2/repository/org/mapstruct/mapstruct-processor/1.4.2.Final/mapstruct-processor-1.4.2.Final.jar:/home/karthik/.m2/repository/org/springframework/boot/spring-boot-configuration-processor/2.4.4/spring-boot-configuration-processor-2.4.4.jar:/home/karthik/.m2/repository/org/springframework/boot/spring-boot-loader-tools/2.4.4/spring-boot-loader-tools-2.4.4.jar:/home/karthik/.m2/repository/org/apache/commons/commons-compress/1.20/commons-compress-1.20.jar:/home/karthik/.m2/repository/org/springframework/spring-core/5.3.5/spring-core-5.3.5.jar:/home/karthik/.m2/repository/org/springframework/spring-jcl/5.3.5/spring-jcl-5.3.5.jar:/home/karthik/.m2/repository/org/springframework/boot/spring-boot-starter-actuator/2.4.4/spring-boot-starter-actuator-2.4.4.jar:/home/karthik/.m2/repository/org/springframework/boot/spring-boot-actuator-autoconfigure/2.4.4/spring-boot-actuator-autoconfigure-2.4.4.jar:/home/karthik/.m2/repository/org/springframework/boot/spring-boot-actuator/2.4.4/spring-boot-actuator-2.4.4.jar:/home/karthik/.m2/repository/io/micrometer/micrometer-core/1.6.5/micrometer-core-1.6.5.jar:/home/karthik/.m2/repository/org/hdrhistogram/HdrHistogram/2.1.12/HdrHistogram-2.1.12.jar:/home/karthik/.m2/repository/org/latencyutils/LatencyUtils/2.0.3/LatencyUtils-2.0.3.jar:/home/karthik/.m2/repository/org/springframework/boot/spring-boot-starter-data-jpa/2.4.4/spring-boot-starter-data-jpa-2.4.4.jar:/home/karthik/.m2/repository/org/springframework/boot/spring-boot-starter-jdbc/2.4.4/spring-boot-starter-jdbc-2.4.4.jar:/home/karthik/.m2/repository/org/springframework/spring-jdbc/5.3.5/spring-jdbc-5.3.5.jar:/home/karthik/.m2/repository/jakarta/transaction/jakarta.transaction-api/1.3.3/jakarta.transaction-api-1.3.3.jar:/home/karthik/.m2/repository/jakarta/persistence/jakarta.persistence-api/2.2.3/jakarta.persistence-api-2.2.3.jar:/home/karthik/.m2/repository/org/springframework/data/spring-data-jpa/2.4.6/spring-data-jpa-2.4.6.jar:/home/karthik/.m2/repository/org/springframework/spring-orm/5.3.5/spring-orm-5.3.5.jar:/home/karthik/.m2/repository/org/springframework/spring-tx/5.3.5/spring-tx-5.3.5.jar:/home/karthik/.m2/repository/org/springframework/spring-aspects/5.3.5/spring-aspects-5.3.5.jar:/home/karthik/.m2/repository/org/springframework/boot/spring-boot-starter-logging/2.4.4/spring-boot-starter-logging-2.4.4.jar:/home/karthik/.m2/repository/ch/qos/logback/logback-classic/1.2.3/logback-classic-1.2.3.jar:/home/karthik/.m2/repository/ch/qos/logback/logback-core/1.2.3/logback-core-1.2.3.jar:/home/karthik/.m2/repository/org/apache/logging/log4j/log4j-to-slf4j/2.13.3/log4j-to-slf4j-2.13.3.jar:/home/karthik/.m2/repository/org/apache/logging/log4j/log4j-api/2.13.3/log4j-api-2.13.3.jar:/home/karthik/.m2/repository/org/slf4j/jul-to-slf4j/1.7.30/jul-to-slf4j-1.7.30.jar:/home/karthik/.m2/repository/org/springframework/boot/spring-boot-starter-mail/2.4.4/spring-boot-starter-mail-2.4.4.jar:/home/karthik/.m2/repository/com/sun/mail/jakarta.mail/1.6.6/jakarta.mail-1.6.6.jar:/home/karthik/.m2/repository/org/springframework/boot/spring-boot-starter-security/2.4.4/spring-boot-starter-security-2.4.4.jar:/home/karthik/.m2/repository/org/springframework/spring-aop/5.3.5/spring-aop-5.3.5.jar:/home/karthik/.m2/repository/org/springframework/security/spring-security-config/5.4.5/spring-security-config-5.4.5.jar:/home/karthik/.m2/repository/org/springframework/security/spring-security-web/5.4.5/spring-security-web-5.4.5.jar:/home/karthik/.m2/repository/org/springframework/spring-expression/5.3.5/spring-expression-5.3.5.jar:/home/karthik/.m2/repository/org/springframework/boot/spring-boot-starter-thymeleaf/2.4.4/spring-boot-starter-thymeleaf-2.4.4.jar:/home/karthik/.m2/repository/org/thymeleaf/thymeleaf-spring5/3.0.12.RELEASE/thymeleaf-spring5-3.0.12.RELEASE.jar:/home/karthik/.m2/repository/org/thymeleaf/thymeleaf/3.0.12.RELEASE/thymeleaf-3.0.12.RELEASE.jar:/home/karthik/.m2/repository/org/attoparser/attoparser/2.0.5.RELEASE/attoparser-2.0.5.RELEASE.jar:/home/karthik/.m2/repository/org/unbescape/unbescape/1.1.6.RELEASE/unbescape-1.1.6.RELEASE.jar:/home/karthik/.m2/repository/org/thymeleaf/extras/thymeleaf-extras-java8time/3.0.4.RELEASE/thymeleaf-extras-java8time-3.0.4.RELEASE.jar:/home/karthik/.m2/repository/org/springframework/boot/spring-boot-starter-web/2.4.4/spring-boot-starter-web-2.4.4.jar:/home/karthik/.m2/repository/org/springframework/boot/spring-boot-starter-json/2.4.4/spring-boot-starter-json-2.4.4.jar:/home/karthik/.m2/repository/com/fasterxml/jackson/datatype/jackson-datatype-jdk8/2.11.4/jackson-datatype-jdk8-2.11.4.jar:/home/karthik/.m2/repository/com/fasterxml/jackson/module/jackson-module-parameter-names/2.11.4/jackson-module-parameter-names-2.11.4.jar:/home/karthik/.m2/repository/org/springframework/spring-web/5.3.5/spring-web-5.3.5.jar:/home/karthik/.m2/repository/org/springframework/spring-webmvc/5.3.5/spring-webmvc-5.3.5.jar:/home/karthik/.m2/repository/org/springframework/boot/spring-boot-starter-test/2.4.4/spring-boot-starter-test-2.4.4.jar:/home/karthik/.m2/repository/org/springframework/boot/spring-boot-test-autoconfigure/2.4.4/spring-boot-test-autoconfigure-2.4.4.jar:/home/karthik/.m2/repository/com/jayway/jsonpath/json-path/2.4.0/json-path-2.4.0.jar:/home/karthik/.m2/repository/net/minidev/json-smart/2.3/json-smart-2.3.jar:/home/karthik/.m2/repository/net/minidev/accessors-smart/1.2/accessors-smart-1.2.jar:/home/karthik/.m2/repository/org/ow2/asm/asm/5.0.4/asm-5.0.4.jar:/home/karthik/.m2/repository/org/assertj/assertj-core/3.18.1/assertj-core-3.18.1.jar:/home/karthik/.m2/repository/org/hamcrest/hamcrest/2.2/hamcrest-2.2.jar:/home/karthik/.m2/repository/org/junit/jupiter/junit-jupiter/5.7.1/junit-jupiter-5.7.1.jar:/home/karthik/.m2/repository/org/junit/jupiter/junit-jupiter-api/5.7.1/junit-jupiter-api-5.7.1.jar:/home/karthik/.m2/repository/org/opentest4j/opentest4j/1.2.0/opentest4j-1.2.0.jar:/home/karthik/.m2/repository/org/junit/platform/junit-platform-commons/1.7.1/junit-platform-commons-1.7.1.jar:/home/karthik/.m2/repository/org/junit/jupiter/junit-jupiter-params/5.7.1/junit-jupiter-params-5.7.1.jar:/home/karthik/.m2/repository/org/junit/jupiter/junit-jupiter-engine/5.7.1/junit-jupiter-engine-5.7.1.jar:/home/karthik/.m2/repository/org/mockito/mockito-core/3.6.28/mockito-core-3.6.28.jar:/home/karthik/.m2/repository/net/bytebuddy/byte-buddy-agent/1.10.22/byte-buddy-agent-1.10.22.jar:/home/karthik/.m2/repository/org/objenesis/objenesis/3.1/objenesis-3.1.jar:/home/karthik/.m2/repository/org/mockito/mockito-junit-jupiter/3.6.28/mockito-junit-jupiter-3.6.28.jar:/home/karthik/.m2/repository/org/skyscreamer/jsonassert/1.5.0/jsonassert-1.5.0.jar:/home/karthik/.m2/repository/org/springframework/spring-test/5.3.5/spring-test-5.3.5.jar:/home/karthik/.m2/repository/org/xmlunit/xmlunit-core/2.7.0/xmlunit-core-2.7.0.jar:/home/karthik/.m2/repository/org/springframework/boot/spring-boot-test/2.4.4/spring-boot-test-2.4.4.jar:/home/karthik/.m2/repository/org/springframework/boot/spring-boot/2.4.4/spring-boot-2.4.4.jar:/home/karthik/.m2/repository/org/springframework/security/spring-security-test/5.4.5/spring-security-test-5.4.5.jar:/home/karthik/.m2/repository/org/springframework/security/spring-security-core/5.4.5/spring-security-core-5.4.5.jar:/home/karthik/.m2/repository/com/tngtech/archunit/archunit-junit5-api/0.17.0/archunit-junit5-api-0.17.0.jar:/home/karthik/.m2/repository/com/tngtech/archunit/archunit/0.17.0/archunit-0.17.0.jar:/home/karthik/.m2/repository/com/tngtech/archunit/archunit-junit5-engine/0.17.0/archunit-junit5-engine-0.17.0.jar:/home/karthik/.m2/repository/com/tngtech/archunit/archunit-junit5-engine-api/0.17.0/archunit-junit5-engine-api-0.17.0.jar:/home/karthik/.m2/repository/org/junit/platform/junit-platform-engine/1.7.1/junit-platform-engine-1.7.1.jar:/home/karthik/.m2/repository/org/zalando/problem-spring-web/0.26.2/problem-spring-web-0.26.2.jar:/home/karthik/.m2/repository/org/zalando/problem-violations/0.26.2/problem-violations-0.26.2.jar:/home/karthik/.m2/repository/org/zalando/problem-spring-common/0.26.2/problem-spring-common-0.26.2.jar:/home/karthik/.m2/repository/org/apiguardian/apiguardian-api/1.1.0/apiguardian-api-1.1.0.jar:/home/karthik/.m2/repository/com/google/code/findbugs/jsr305/3.0.2/jsr305-3.0.2.jar:/home/karthik/.m2/repository/org/zalando/problem/0.25.0/problem-0.25.0.jar:/home/karthik/.m2/repository/org/zalando/jackson-datatype-problem/0.25.0/jackson-datatype-problem-0.25.0.jar:/home/karthik/.m2/repository/org/zalando/faux-pas/0.8.0/faux-pas-0.8.0.jar:/home/karthik/.m2/repository/javax/validation/validation-api/2.0.1.Final/validation-api-2.0.1.Final.jar:/home/karthik/.m2/repository/io/jsonwebtoken/jjwt-api/0.11.2/jjwt-api-0.11.2.jar:/home/karthik/.m2/repository/io/jsonwebtoken/jjwt-impl/0.11.2/jjwt-impl-0.11.2.jar:/home/karthik/.m2/repository/io/jsonwebtoken/jjwt-jackson/0.11.2/jjwt-jackson-0.11.2.jar:/home/karthik/.m2/repository/org/springframework/security/spring-security-data/5.4.5/spring-security-data-5.4.5.jar:/home/karthik/.m2/repository/org/springframework/data/spring-data-commons/2.4.6/spring-data-commons-2.4.6.jar:/home/karthik/.m2/repository/io/micrometer/micrometer-registry-prometheus/1.6.5/micrometer-registry-prometheus-1.6.5.jar:/home/karthik/.m2/repository/io/prometheus/simpleclient_common/0.9.0/simpleclient_common-0.9.0.jar:/home/karthik/.m2/repository/io/prometheus/simpleclient/0.10.0/simpleclient-0.10.0.jar:/home/karthik/.m2/repository/io/dropwizard/metrics/metrics-core/4.1.18/metrics-core-4.1.18.jar:/home/karthik/.m2/repository/org/springframework/boot/spring-boot-starter-undertow/2.4.4/spring-boot-starter-undertow-2.4.4.jar:/home/karthik/.m2/repository/io/undertow/undertow-core/2.2.5.Final/undertow-core-2.2.5.Final.jar:/home/karthik/.m2/repository/org/jboss/xnio/xnio-api/3.8.0.Final/xnio-api-3.8.0.Final.jar:/home/karthik/.m2/repository/org/wildfly/common/wildfly-common/1.5.2.Final/wildfly-common-1.5.2.Final.jar:/home/karthik/.m2/repository/org/wildfly/client/wildfly-client-config/1.0.1.Final/wildfly-client-config-1.0.1.Final.jar:/home/karthik/.m2/repository/org/jboss/xnio/xnio-nio/3.8.0.Final/xnio-nio-3.8.0.Final.jar:/home/karthik/.m2/repository/org/jboss/threads/jboss-threads/3.1.0.Final/jboss-threads-3.1.0.Final.jar:/home/karthik/.m2/repository/io/undertow/undertow-servlet/2.2.5.Final/undertow-servlet-2.2.5.Final.jar:/home/karthik/.m2/repository/org/jboss/spec/javax/annotation/jboss-annotations-api_1.3_spec/2.0.1.Final/jboss-annotations-api_1.3_spec-2.0.1.Final.jar:/home/karthik/.m2/repository/io/undertow/undertow-websockets-jsr/2.2.5.Final/undertow-websockets-jsr-2.2.5.Final.jar:/home/karthik/.m2/repository/org/jboss/spec/javax/websocket/jboss-websocket-api_1.1_spec/2.0.0.Final/jboss-websocket-api_1.1_spec-2.0.0.Final.jar:/home/karthik/.m2/repository/jakarta/servlet/jakarta.servlet-api/4.0.4/jakarta.servlet-api-4.0.4.jar:/home/karthik/.m2/repository/org/glassfish/jakarta.el/3.0.3/jakarta.el-3.0.3.jar:"/>
    <property name="git.branch" value="master"/>
    <property name="java.vm.vendor" value="Ubuntu"/>
    <property name="sun.arch.data.model" value="64"/>
    <property name="java.vendor.url" value="https://ubuntu.com/"/>
    <property name="user.timezone" value="Asia/Kolkata"/>
    <property name="java.vm.specification.version" value="11"/>
    <property name="os.name" value="Linux"/>
    <property name="sun.java.launcher" value="SUN_STANDARD"/>
    <property name="user.country" value="US"/>
    <property name="sun.boot.library.path" value="/usr/lib/jvm/java-11-openjdk-amd64/lib"/>
    <property name="sun.java.command" value="/home/karthik/cynapseTech/target/surefire/surefirebooter11135818225549314668.jar /home/karthik/cynapseTech/target/surefire 2021-05-09T02-22-08_432-jvmRun1 surefire8056471842162562178tmp surefire_010194284020852613502tmp"/>
    <property name="jdk.debug" value="release"/>
    <property name="surefire.test.class.path" value="/home/karthik/cynapseTech/target/test-classes:/home/karthik/cynapseTech/target/classes:/home/karthik/.m2/repository/tech/jhipster/jhipster-framework/7.0.0/jhipster-framework-7.0.0.jar:/home/karthik/.m2/repository/org/springframework/spring-context-support/5.3.5/spring-context-support-5.3.5.jar:/home/karthik/.m2/repository/org/springframework/spring-beans/5.3.5/spring-beans-5.3.5.jar:/home/karthik/.m2/repository/org/springframework/spring-context/5.3.5/spring-context-5.3.5.jar:/home/karthik/.m2/repository/org/springframework/boot/spring-boot-starter-validation/2.4.4/spring-boot-starter-validation-2.4.4.jar:/home/karthik/.m2/repository/org/springframework/boot/spring-boot-autoconfigure/2.4.4/spring-boot-autoconfigure-2.4.4.jar:/home/karthik/.m2/repository/org/springframework/boot/spring-boot-starter-aop/2.4.4/spring-boot-starter-aop-2.4.4.jar:/home/karthik/.m2/repository/org/aspectj/aspectjweaver/1.9.6/aspectjweaver-1.9.6.jar:/home/karthik/.m2/repository/net/logstash/logback/logstash-logback-encoder/6.6/logstash-logback-encoder-6.6.jar:/home/karthik/.m2/repository/javax/annotation/javax.annotation-api/1.3.2/javax.annotation-api-1.3.2.jar:/home/karthik/.m2/repository/org/springframework/boot/spring-boot-starter-cache/2.4.4/spring-boot-starter-cache-2.4.4.jar:/home/karthik/.m2/repository/org/springframework/boot/spring-boot-starter/2.4.4/spring-boot-starter-2.4.4.jar:/home/karthik/.m2/repository/jakarta/annotation/jakarta.annotation-api/1.3.5/jakarta.annotation-api-1.3.5.jar:/home/karthik/.m2/repository/org/yaml/snakeyaml/1.27/snakeyaml-1.27.jar:/home/karthik/.m2/repository/com/fasterxml/jackson/module/jackson-module-jaxb-annotations/2.11.4/jackson-module-jaxb-annotations-2.11.4.jar:/home/karthik/.m2/repository/com/fasterxml/jackson/core/jackson-annotations/2.11.4/jackson-annotations-2.11.4.jar:/home/karthik/.m2/repository/com/fasterxml/jackson/core/jackson-core/2.11.4/jackson-core-2.11.4.jar:/home/karthik/.m2/repository/com/fasterxml/jackson/core/jackson-databind/2.11.4/jackson-databind-2.11.4.jar:/home/karthik/.m2/repository/jakarta/xml/bind/jakarta.xml.bind-api/2.3.3/jakarta.xml.bind-api-2.3.3.jar:/home/karthik/.m2/repository/jakarta/activation/jakarta.activation-api/1.2.2/jakarta.activation-api-1.2.2.jar:/home/karthik/.m2/repository/com/fasterxml/jackson/datatype/jackson-datatype-hibernate5/2.11.4/jackson-datatype-hibernate5-2.11.4.jar:/home/karthik/.m2/repository/javax/transaction/javax.transaction-api/1.3/javax.transaction-api-1.3.jar:/home/karthik/.m2/repository/com/fasterxml/jackson/datatype/jackson-datatype-hppc/2.11.4/jackson-datatype-hppc-2.11.4.jar:/home/karthik/.m2/repository/com/carrotsearch/hppc/0.8.1/hppc-0.8.1.jar:/home/karthik/.m2/repository/com/fasterxml/jackson/datatype/jackson-datatype-jsr310/2.11.4/jackson-datatype-jsr310-2.11.4.jar:/home/karthik/.m2/repository/com/h2database/h2/1.4.200/h2-1.4.200.jar:/home/karthik/.m2/repository/io/springfox/springfox-oas/3.0.0/springfox-oas-3.0.0.jar:/home/karthik/.m2/repository/io/swagger/core/v3/swagger-annotations/2.1.2/swagger-annotations-2.1.2.jar:/home/karthik/.m2/repository/io/swagger/core/v3/swagger-models/2.1.2/swagger-models-2.1.2.jar:/home/karthik/.m2/repository/io/springfox/springfox-spi/3.0.0/springfox-spi-3.0.0.jar:/home/karthik/.m2/repository/io/springfox/springfox-schema/3.0.0/springfox-schema-3.0.0.jar:/home/karthik/.m2/repository/io/springfox/springfox-core/3.0.0/springfox-core-3.0.0.jar:/home/karthik/.m2/repository/io/springfox/springfox-spring-web/3.0.0/springfox-spring-web-3.0.0.jar:/home/karthik/.m2/repository/io/github/classgraph/classgraph/4.8.83/classgraph-4.8.83.jar:/home/karthik/.m2/repository/io/springfox/springfox-spring-webmvc/3.0.0/springfox-spring-webmvc-3.0.0.jar:/home/karthik/.m2/repository/io/springfox/springfox-spring-webflux/3.0.0/springfox-spring-webflux-3.0.0.jar:/home/karthik/.m2/repository/io/springfox/springfox-swagger-common/3.0.0/springfox-swagger-common-3.0.0.jar:/home/karthik/.m2/repository/com/fasterxml/classmate/1.5.1/classmate-1.5.1.jar:/home/karthik/.m2/repository/org/slf4j/slf4j-api/1.7.30/slf4j-api-1.7.30.jar:/home/karthik/.m2/repository/org/springframework/plugin/spring-plugin-core/2.0.0.RELEASE/spring-plugin-core-2.0.0.RELEASE.jar:/home/karthik/.m2/repository/org/springframework/plugin/spring-plugin-metadata/2.0.0.RELEASE/spring-plugin-metadata-2.0.0.RELEASE.jar:/home/karthik/.m2/repository/io/springfox/springfox-swagger2/3.0.0/springfox-swagger2-3.0.0.jar:/home/karthik/.m2/repository/io/swagger/swagger-annotations/1.5.20/swagger-annotations-1.5.20.jar:/home/karthik/.m2/repository/io/swagger/swagger-models/1.5.20/swagger-models-1.5.20.jar:/home/karthik/.m2/repository/io/springfox/springfox-bean-validators/3.0.0/springfox-bean-validators-3.0.0.jar:/home/karthik/.m2/repository/com/zaxxer/HikariCP/3.4.5/HikariCP-3.4.5.jar:/home/karthik/.m2/repository/org/apache/commons/commons-lang3/3.11/commons-lang3-3.11.jar:/home/karthik/.m2/repository/org/testcontainers/mysql/1.15.2/mysql-1.15.2.jar:/home/karthik/.m2/repository/org/testcontainers/jdbc/1.15.2/jdbc-1.15.2.jar:/home/karthik/.m2/repository/org/testcontainers/database-commons/1.15.2/database-commons-1.15.2.jar:/home/karthik/.m2/repository/org/testcontainers/testcontainers/1.15.2/testcontainers-1.15.2.jar:/home/karthik/.m2/repository/junit/junit/4.13.2/junit-4.13.2.jar:/home/karthik/.m2/repository/org/hamcrest/hamcrest-core/2.2/hamcrest-core-2.2.jar:/home/karthik/.m2/repository/org/rnorth/duct-tape/duct-tape/1.0.8/duct-tape-1.0.8.jar:/home/karthik/.m2/repository/org/rnorth/visible-assertions/visible-assertions/2.1.2/visible-assertions-2.1.2.jar:/home/karthik/.m2/repository/net/java/dev/jna/jna/5.2.0/jna-5.2.0.jar:/home/karthik/.m2/repository/com/github/docker-java/docker-java-api/3.2.7/docker-java-api-3.2.7.jar:/home/karthik/.m2/repository/com/github/docker-java/docker-java-transport-zerodep/3.2.7/docker-java-transport-zerodep-3.2.7.jar:/home/karthik/.m2/repository/com/github/docker-java/docker-java-transport/3.2.7/docker-java-transport-3.2.7.jar:/home/karthik/.m2/repository/javax/cache/cache-api/1.1.1/cache-api-1.1.1.jar:/home/karthik/.m2/repository/mysql/mysql-connector-java/8.0.22/mysql-connector-java-8.0.22.jar:/home/karthik/.m2/repository/com/google/protobuf/protobuf-java/3.11.4/protobuf-java-3.11.4.jar:/home/karthik/.m2/repository/org/ehcache/ehcache/3.9.2/ehcache-3.9.2.jar:/home/karthik/.m2/repository/org/glassfish/jaxb/jaxb-runtime/2.3.3/jaxb-runtime-2.3.3.jar:/home/karthik/.m2/repository/org/glassfish/jaxb/txw2/2.3.3/txw2-2.3.3.jar:/home/karthik/.m2/repository/com/sun/istack/istack-commons-runtime/3.0.11/istack-commons-runtime-3.0.11.jar:/home/karthik/.m2/repository/com/sun/activation/jakarta.activation/1.2.2/jakarta.activation-1.2.2.jar:/home/karthik/.m2/repository/org/hibernate/hibernate-jcache/5.4.29.Final/hibernate-jcache-5.4.29.Final.jar:/home/karthik/.m2/repository/org/jboss/logging/jboss-logging/3.4.1.Final/jboss-logging-3.4.1.Final.jar:/home/karthik/.m2/repository/org/hibernate/hibernate-jpamodelgen/5.4.29.Final/hibernate-jpamodelgen-5.4.29.Final.jar:/home/karthik/.m2/repository/javax/xml/bind/jaxb-api/2.3.1/jaxb-api-2.3.1.jar:/home/karthik/.m2/repository/org/hibernate/hibernate-core/5.4.29.Final/hibernate-core-5.4.29.Final.jar:/home/karthik/.m2/repository/javax/persistence/javax.persistence-api/2.2/javax.persistence-api-2.2.jar:/home/karthik/.m2/repository/org/javassist/javassist/3.27.0-GA/javassist-3.27.0-GA.jar:/home/karthik/.m2/repository/net/bytebuddy/byte-buddy/1.10.22/byte-buddy-1.10.22.jar:/home/karthik/.m2/repository/antlr/antlr/2.7.7/antlr-2.7.7.jar:/home/karthik/.m2/repository/org/jboss/spec/javax/transaction/jboss-transaction-api_1.2_spec/1.1.1.Final/jboss-transaction-api_1.2_spec-1.1.1.Final.jar:/home/karthik/.m2/repository/org/jboss/jandex/2.2.3.Final/jandex-2.2.3.Final.jar:/home/karthik/.m2/repository/javax/activation/javax.activation-api/1.2.0/javax.activation-api-1.2.0.jar:/home/karthik/.m2/repository/org/dom4j/dom4j/2.1.3/dom4j-2.1.3.jar:/home/karthik/.m2/repository/org/hibernate/common/hibernate-commons-annotations/5.1.2.Final/hibernate-commons-annotations-5.1.2.Final.jar:/home/karthik/.m2/repository/org/hibernate/validator/hibernate-validator/6.1.7.Final/hibernate-validator-6.1.7.Final.jar:/home/karthik/.m2/repository/jakarta/validation/jakarta.validation-api/2.0.2/jakarta.validation-api-2.0.2.jar:/home/karthik/.m2/repository/org/liquibase/liquibase-core/4.3.1/liquibase-core-4.3.1.jar:/home/karthik/.m2/repository/org/mapstruct/mapstruct/1.4.2.Final/mapstruct-1.4.2.Final.jar:/home/karthik/.m2/repository/org/mapstruct/mapstruct-processor/1.4.2.Final/mapstruct-processor-1.4.2.Final.jar:/home/karthik/.m2/repository/org/springframework/boot/spring-boot-configuration-processor/2.4.4/spring-boot-configuration-processor-2.4.4.jar:/home/karthik/.m2/repository/org/springframework/boot/spring-boot-loader-tools/2.4.4/spring-boot-loader-tools-2.4.4.jar:/home/karthik/.m2/repository/org/apache/commons/commons-compress/1.20/commons-compress-1.20.jar:/home/karthik/.m2/repository/org/springframework/spring-core/5.3.5/spring-core-5.3.5.jar:/home/karthik/.m2/repository/org/springframework/spring-jcl/5.3.5/spring-jcl-5.3.5.jar:/home/karthik/.m2/repository/org/springframework/boot/spring-boot-starter-actuator/2.4.4/spring-boot-starter-actuator-2.4.4.jar:/home/karthik/.m2/repository/org/springframework/boot/spring-boot-actuator-autoconfigure/2.4.4/spring-boot-actuator-autoconfigure-2.4.4.jar:/home/karthik/.m2/repository/org/springframework/boot/spring-boot-actuator/2.4.4/spring-boot-actuator-2.4.4.jar:/home/karthik/.m2/repository/io/micrometer/micrometer-core/1.6.5/micrometer-core-1.6.5.jar:/home/karthik/.m2/repository/org/hdrhistogram/HdrHistogram/2.1.12/HdrHistogram-2.1.12.jar:/home/karthik/.m2/repository/org/latencyutils/LatencyUtils/2.0.3/LatencyUtils-2.0.3.jar:/home/karthik/.m2/repository/org/springframework/boot/spring-boot-starter-data-jpa/2.4.4/spring-boot-starter-data-jpa-2.4.4.jar:/home/karthik/.m2/repository/org/springframework/boot/spring-boot-starter-jdbc/2.4.4/spring-boot-starter-jdbc-2.4.4.jar:/home/karthik/.m2/repository/org/springframework/spring-jdbc/5.3.5/spring-jdbc-5.3.5.jar:/home/karthik/.m2/repository/jakarta/transaction/jakarta.transaction-api/1.3.3/jakarta.transaction-api-1.3.3.jar:/home/karthik/.m2/repository/jakarta/persistence/jakarta.persistence-api/2.2.3/jakarta.persistence-api-2.2.3.jar:/home/karthik/.m2/repository/org/springframework/data/spring-data-jpa/2.4.6/spring-data-jpa-2.4.6.jar:/home/karthik/.m2/repository/org/springframework/spring-orm/5.3.5/spring-orm-5.3.5.jar:/home/karthik/.m2/repository/org/springframework/spring-tx/5.3.5/spring-tx-5.3.5.jar:/home/karthik/.m2/repository/org/springframework/spring-aspects/5.3.5/spring-aspects-5.3.5.jar:/home/karthik/.m2/repository/org/springframework/boot/spring-boot-starter-logging/2.4.4/spring-boot-starter-logging-2.4.4.jar:/home/karthik/.m2/repository/ch/qos/logback/logback-classic/1.2.3/logback-classic-1.2.3.jar:/home/karthik/.m2/repository/ch/qos/logback/logback-core/1.2.3/logback-core-1.2.3.jar:/home/karthik/.m2/repository/org/apache/logging/log4j/log4j-to-slf4j/2.13.3/log4j-to-slf4j-2.13.3.jar:/home/karthik/.m2/repository/org/apache/logging/log4j/log4j-api/2.13.3/log4j-api-2.13.3.jar:/home/karthik/.m2/repository/org/slf4j/jul-to-slf4j/1.7.30/jul-to-slf4j-1.7.30.jar:/home/karthik/.m2/repository/org/springframework/boot/spring-boot-starter-mail/2.4.4/spring-boot-starter-mail-2.4.4.jar:/home/karthik/.m2/repository/com/sun/mail/jakarta.mail/1.6.6/jakarta.mail-1.6.6.jar:/home/karthik/.m2/repository/org/springframework/boot/spring-boot-starter-security/2.4.4/spring-boot-starter-security-2.4.4.jar:/home/karthik/.m2/repository/org/springframework/spring-aop/5.3.5/spring-aop-5.3.5.jar:/home/karthik/.m2/repository/org/springframework/security/spring-security-config/5.4.5/spring-security-config-5.4.5.jar:/home/karthik/.m2/repository/org/springframework/security/spring-security-web/5.4.5/spring-security-web-5.4.5.jar:/home/karthik/.m2/repository/org/springframework/spring-expression/5.3.5/spring-expression-5.3.5.jar:/home/karthik/.m2/repository/org/springframework/boot/spring-boot-starter-thymeleaf/2.4.4/spring-boot-starter-thymeleaf-2.4.4.jar:/home/karthik/.m2/repository/org/thymeleaf/thymeleaf-spring5/3.0.12.RELEASE/thymeleaf-spring5-3.0.12.RELEASE.jar:/home/karthik/.m2/repository/org/thymeleaf/thymeleaf/3.0.12.RELEASE/thymeleaf-3.0.12.RELEASE.jar:/home/karthik/.m2/repository/org/attoparser/attoparser/2.0.5.RELEASE/attoparser-2.0.5.RELEASE.jar:/home/karthik/.m2/repository/org/unbescape/unbescape/1.1.6.RELEASE/unbescape-1.1.6.RELEASE.jar:/home/karthik/.m2/repository/org/thymeleaf/extras/thymeleaf-extras-java8time/3.0.4.RELEASE/thymeleaf-extras-java8time-3.0.4.RELEASE.jar:/home/karthik/.m2/repository/org/springframework/boot/spring-boot-starter-web/2.4.4/spring-boot-starter-web-2.4.4.jar:/home/karthik/.m2/repository/org/springframework/boot/spring-boot-starter-json/2.4.4/spring-boot-starter-json-2.4.4.jar:/home/karthik/.m2/repository/com/fasterxml/jackson/datatype/jackson-datatype-jdk8/2.11.4/jackson-datatype-jdk8-2.11.4.jar:/home/karthik/.m2/repository/com/fasterxml/jackson/module/jackson-module-parameter-names/2.11.4/jackson-module-parameter-names-2.11.4.jar:/home/karthik/.m2/repository/org/springframework/spring-web/5.3.5/spring-web-5.3.5.jar:/home/karthik/.m2/repository/org/springframework/spring-webmvc/5.3.5/spring-webmvc-5.3.5.jar:/home/karthik/.m2/repository/org/springframework/boot/spring-boot-starter-test/2.4.4/spring-boot-starter-test-2.4.4.jar:/home/karthik/.m2/repository/org/springframework/boot/spring-boot-test-autoconfigure/2.4.4/spring-boot-test-autoconfigure-2.4.4.jar:/home/karthik/.m2/repository/com/jayway/jsonpath/json-path/2.4.0/json-path-2.4.0.jar:/home/karthik/.m2/repository/net/minidev/json-smart/2.3/json-smart-2.3.jar:/home/karthik/.m2/repository/net/minidev/accessors-smart/1.2/accessors-smart-1.2.jar:/home/karthik/.m2/repository/org/ow2/asm/asm/5.0.4/asm-5.0.4.jar:/home/karthik/.m2/repository/org/assertj/assertj-core/3.18.1/assertj-core-3.18.1.jar:/home/karthik/.m2/repository/org/hamcrest/hamcrest/2.2/hamcrest-2.2.jar:/home/karthik/.m2/repository/org/junit/jupiter/junit-jupiter/5.7.1/junit-jupiter-5.7.1.jar:/home/karthik/.m2/repository/org/junit/jupiter/junit-jupiter-api/5.7.1/junit-jupiter-api-5.7.1.jar:/home/karthik/.m2/repository/org/opentest4j/opentest4j/1.2.0/opentest4j-1.2.0.jar:/home/karthik/.m2/repository/org/junit/platform/junit-platform-commons/1.7.1/junit-platform-commons-1.7.1.jar:/home/karthik/.m2/repository/org/junit/jupiter/junit-jupiter-params/5.7.1/junit-jupiter-params-5.7.1.jar:/home/karthik/.m2/repository/org/junit/jupiter/junit-jupiter-engine/5.7.1/junit-jupiter-engine-5.7.1.jar:/home/karthik/.m2/repository/org/mockito/mockito-core/3.6.28/mockito-core-3.6.28.jar:/home/karthik/.m2/repository/net/bytebuddy/byte-buddy-agent/1.10.22/byte-buddy-agent-1.10.22.jar:/home/karthik/.m2/repository/org/objenesis/objenesis/3.1/objenesis-3.1.jar:/home/karthik/.m2/repository/org/mockito/mockito-junit-jupiter/3.6.28/mockito-junit-jupiter-3.6.28.jar:/home/karthik/.m2/repository/org/skyscreamer/jsonassert/1.5.0/jsonassert-1.5.0.jar:/home/karthik/.m2/repository/org/springframework/spring-test/5.3.5/spring-test-5.3.5.jar:/home/karthik/.m2/repository/org/xmlunit/xmlunit-core/2.7.0/xmlunit-core-2.7.0.jar:/home/karthik/.m2/repository/org/springframework/boot/spring-boot-test/2.4.4/spring-boot-test-2.4.4.jar:/home/karthik/.m2/repository/org/springframework/boot/spring-boot/2.4.4/spring-boot-2.4.4.jar:/home/karthik/.m2/repository/org/springframework/security/spring-security-test/5.4.5/spring-security-test-5.4.5.jar:/home/karthik/.m2/repository/org/springframework/security/spring-security-core/5.4.5/spring-security-core-5.4.5.jar:/home/karthik/.m2/repository/com/tngtech/archunit/archunit-junit5-api/0.17.0/archunit-junit5-api-0.17.0.jar:/home/karthik/.m2/repository/com/tngtech/archunit/archunit/0.17.0/archunit-0.17.0.jar:/home/karthik/.m2/repository/com/tngtech/archunit/archunit-junit5-engine/0.17.0/archunit-junit5-engine-0.17.0.jar:/home/karthik/.m2/repository/com/tngtech/archunit/archunit-junit5-engine-api/0.17.0/archunit-junit5-engine-api-0.17.0.jar:/home/karthik/.m2/repository/org/junit/platform/junit-platform-engine/1.7.1/junit-platform-engine-1.7.1.jar:/home/karthik/.m2/repository/org/zalando/problem-spring-web/0.26.2/problem-spring-web-0.26.2.jar:/home/karthik/.m2/repository/org/zalando/problem-violations/0.26.2/problem-violations-0.26.2.jar:/home/karthik/.m2/repository/org/zalando/problem-spring-common/0.26.2/problem-spring-common-0.26.2.jar:/home/karthik/.m2/repository/org/apiguardian/apiguardian-api/1.1.0/apiguardian-api-1.1.0.jar:/home/karthik/.m2/repository/com/google/code/findbugs/jsr305/3.0.2/jsr305-3.0.2.jar:/home/karthik/.m2/repository/org/zalando/problem/0.25.0/problem-0.25.0.jar:/home/karthik/.m2/repository/org/zalando/jackson-datatype-problem/0.25.0/jackson-datatype-problem-0.25.0.jar:/home/karthik/.m2/repository/org/zalando/faux-pas/0.8.0/faux-pas-0.8.0.jar:/home/karthik/.m2/repository/javax/validation/validation-api/2.0.1.Final/validation-api-2.0.1.Final.jar:/home/karthik/.m2/repository/io/jsonwebtoken/jjwt-api/0.11.2/jjwt-api-0.11.2.jar:/home/karthik/.m2/repository/io/jsonwebtoken/jjwt-impl/0.11.2/jjwt-impl-0.11.2.jar:/home/karthik/.m2/repository/io/jsonwebtoken/jjwt-jackson/0.11.2/jjwt-jackson-0.11.2.jar:/home/karthik/.m2/repository/org/springframework/security/spring-security-data/5.4.5/spring-security-data-5.4.5.jar:/home/karthik/.m2/repository/org/springframework/data/spring-data-commons/2.4.6/spring-data-commons-2.4.6.jar:/home/karthik/.m2/repository/io/micrometer/micrometer-registry-prometheus/1.6.5/micrometer-registry-prometheus-1.6.5.jar:/home/karthik/.m2/repository/io/prometheus/simpleclient_common/0.9.0/simpleclient_common-0.9.0.jar:/home/karthik/.m2/repository/io/prometheus/simpleclient/0.10.0/simpleclient-0.10.0.jar:/home/karthik/.m2/repository/io/dropwizard/metrics/metrics-core/4.1.18/metrics-core-4.1.18.jar:/home/karthik/.m2/repository/org/springframework/boot/spring-boot-starter-undertow/2.4.4/spring-boot-starter-undertow-2.4.4.jar:/home/karthik/.m2/repository/io/undertow/undertow-core/2.2.5.Final/undertow-core-2.2.5.Final.jar:/home/karthik/.m2/repository/org/jboss/xnio/xnio-api/3.8.0.Final/xnio-api-3.8.0.Final.jar:/home/karthik/.m2/repository/org/wildfly/common/wildfly-common/1.5.2.Final/wildfly-common-1.5.2.Final.jar:/home/karthik/.m2/repository/org/wildfly/client/wildfly-client-config/1.0.1.Final/wildfly-client-config-1.0.1.Final.jar:/home/karthik/.m2/repository/org/jboss/xnio/xnio-nio/3.8.0.Final/xnio-nio-3.8.0.Final.jar:/home/karthik/.m2/repository/org/jboss/threads/jboss-threads/3.1.0.Final/jboss-threads-3.1.0.Final.jar:/home/karthik/.m2/repository/io/undertow/undertow-servlet/2.2.5.Final/undertow-servlet-2.2.5.Final.jar:/home/karthik/.m2/repository/org/jboss/spec/javax/annotation/jboss-annotations-api_1.3_spec/2.0.1.Final/jboss-annotations-api_1.3_spec-2.0.1.Final.jar:/home/karthik/.m2/repository/io/undertow/undertow-websockets-jsr/2.2.5.Final/undertow-websockets-jsr-2.2.5.Final.jar:/home/karthik/.m2/repository/org/jboss/spec/javax/websocket/jboss-websocket-api_1.1_spec/2.0.0.Final/jboss-websocket-api_1.1_spec-2.0.0.Final.jar:/home/karthik/.m2/repository/jakarta/servlet/jakarta.servlet-api/4.0.4/jakarta.servlet-api-4.0.4.jar:/home/karthik/.m2/repository/org/glassfish/jakarta.el/3.0.3/jakarta.el-3.0.3.jar:"/>
    <property name="sun.cpu.endian" value="little"/>
    <property name="user.home" value="/home/karthik"/>
    <property name="user.language" value="en"/>
    <property name="java.specification.vendor" value="Oracle Corporation"/>
    <property name="java.version.date" value="2021-01-19"/>
    <property name="java.home" value="/usr/lib/jvm/java-11-openjdk-amd64"/>
    <property name="file.separator" value="/"/>
    <property name="basedir" value="/home/karthik/cynapseTech"/>
    <property name="java.vm.compressedOopsMode" value="32-bit"/>
    <property name="line.separator" value="&#10;"/>
    <property name="java.specification.name" value="Java Platform API Specification"/>
    <property name="java.vm.specification.vendor" value="Oracle Corporation"/>
    <property name="FILE_LOG_CHARSET" value="UTF-8"/>
    <property name="java.awt.graphicsenv" value="sun.awt.X11GraphicsEnvironment"/>
    <property name="java.awt.headless" value="true"/>
    <property name="surefire.real.class.path" value="/home/karthik/cynapseTech/target/surefire/surefirebooter11135818225549314668.jar"/>
    <property name="sun.management.compiler" value="HotSpot 64-Bit Tiered Compilers"/>
    <property name="java.runtime.version" value="11.0.10+9-Ubuntu-0ubuntu1.20.04"/>
    <property name="user.name" value="karthik"/>
    <property name="path.separator" value=":"/>
    <property name="java.security.egd" value="file:/dev/./urandom"/>
    <property name="os.version" value="5.4.0-7642-generic"/>
    <property name="java.runtime.name" value="OpenJDK Runtime Environment"/>
    <property name="file.encoding" value="UTF-8"/>
    <property name="spring.beaninfo.ignore" value="true"/>
    <property name="java.vm.name" value="OpenJDK 64-Bit Server VM"/>
    <property name="localRepository" value="/home/karthik/.m2/repository"/>
    <property name="java.vendor.url.bug" value="https://bugs.launchpad.net/ubuntu/+source/openjdk-lts"/>
    <property name="java.io.tmpdir" value="/tmp"/>
    <property name="com.zaxxer.hikari.pool_number" value="3"/>
    <property name="java.version" value="11.0.10"/>
    <property name="user.dir" value="/home/karthik/cynapseTech"/>
    <property name="os.arch" value="amd64"/>
    <property name="git.commit.id.abbrev" value="55e0cbb"/>
    <property name="java.vm.specification.name" value="Java Virtual Machine Specification"/>
    <property name="PID" value="62143"/>
    <property name="java.awt.printerjob" value="sun.print.PSPrinterJob"/>
    <property name="sun.os.patch.level" value="unknown"/>
    <property name="CONSOLE_LOG_CHARSET" value="UTF-8"/>
    <property name="git.commit.id.describe" value="55e0cbb-dirty"/>
    <property name="java.library.path" value="/usr/java/packages/lib:/usr/lib/x86_64-linux-gnu/jni:/lib/x86_64-linux-gnu:/usr/lib/x86_64-linux-gnu:/usr/lib/jni:/lib:/usr/lib"/>
    <property name="java.vm.info" value="mixed mode, sharing"/>
    <property name="java.vendor" value="Ubuntu"/>
    <property name="java.vm.version" value="11.0.10+9-Ubuntu-0ubuntu1.20.04"/>
    <property name="sun.io.unicode.encoding" value="UnicodeLittle"/>
    <property name="java.class.version" value="55.0"/>
  </properties>
  <testcase name="createUserWithExistingEmail" classname="com.mycompany.myapp.web.rest.UserResourceIT" time="0.039">
    <system-out><![CDATA[2021-05-09 02:22:46.153 ERROR 62143 --- [           main] tech.jhipster.web.util.HeaderUtil        : Entity processing failed, Email is already in use!
2021-05-09 02:22:46.154  WARN 62143 --- [           main] o.z.problem.spring.common.AdviceTraits   : Bad Request: Email is already in use!
]]></system-out>
  </testcase>
  <testcase name="createUserWithExistingLogin" classname="com.mycompany.myapp.web.rest.UserResourceIT" time="0.028">
    <system-out><![CDATA[2021-05-09 02:22:46.184 ERROR 62143 --- [           main] tech.jhipster.web.util.HeaderUtil        : Entity processing failed, Login name already used!
2021-05-09 02:22:46.184  WARN 62143 --- [           main] o.z.problem.spring.common.AdviceTraits   : Bad Request: Login name already used!
]]></system-out>
  </testcase>
  <testcase name="getAllUsers" classname="com.mycompany.myapp.web.rest.UserResourceIT" time="0.027"/>
  <testcase name="updateUser" classname="com.mycompany.myapp.web.rest.UserResourceIT" time="0.037"/>
  <testcase name="getUser" classname="com.mycompany.myapp.web.rest.UserResourceIT" time="0.022"/>
  <testcase name="createUserWithExistingId" classname="com.mycompany.myapp.web.rest.UserResourceIT" time="0.017">
    <system-out><![CDATA[2021-05-09 02:22:46.291 ERROR 62143 --- [           main] tech.jhipster.web.util.HeaderUtil        : Entity processing failed, A new user cannot already have an ID
2021-05-09 02:22:46.291  WARN 62143 --- [           main] o.z.problem.spring.common.AdviceTraits   : Bad Request: A new user cannot already have an ID
]]></system-out>
  </testcase>
  <testcase name="testUserDTOtoUser" classname="com.mycompany.myapp.web.rest.UserResourceIT" time="0.027"/>
  <testcase name="testUserEquals" classname="com.mycompany.myapp.web.rest.UserResourceIT" time="0.024"/>
  <testcase name="getNonExistingUser" classname="com.mycompany.myapp.web.rest.UserResourceIT" time="0.013">
    <system-out><![CDATA[2021-05-09 02:22:46.361  WARN 62143 --- [           main] o.z.problem.spring.common.AdviceTraits   : Not Found: 404 NOT_FOUND
]]></system-out>
  </testcase>
  <testcase name="testAuthorityEquals" classname="com.mycompany.myapp.web.rest.UserResourceIT" time="0.006"/>
  <testcase name="updateUserExistingEmail" classname="com.mycompany.myapp.web.rest.UserResourceIT" time="0.024">
    <system-out><![CDATA[2021-05-09 02:22:46.393 ERROR 62143 --- [           main] tech.jhipster.web.util.HeaderUtil        : Entity processing failed, Email is already in use!
2021-05-09 02:22:46.393  WARN 62143 --- [           main] o.z.problem.spring.common.AdviceTraits   : Bad Request: Email is already in use!
]]></system-out>
  </testcase>
  <testcase name="updateUserExistingLogin" classname="com.mycompany.myapp.web.rest.UserResourceIT" time="0.027">
    <system-out><![CDATA[2021-05-09 02:22:46.420 ERROR 62143 --- [           main] tech.jhipster.web.util.HeaderUtil        : Entity processing failed, Login name already used!
2021-05-09 02:22:46.420  WARN 62143 --- [           main] o.z.problem.spring.common.AdviceTraits   : Bad Request: Login name already used!
]]></system-out>
  </testcase>
  <testcase name="createUser" classname="com.mycompany.myapp.web.rest.UserResourceIT" time="0.115"/>
  <testcase name="updateUserLogin" classname="com.mycompany.myapp.web.rest.UserResourceIT" time="0.024"/>
  <testcase name="deleteUser" classname="com.mycompany.myapp.web.rest.UserResourceIT" time="0.02"/>
  <testcase name="testUserToUserDTO" classname="com.mycompany.myapp.web.rest.UserResourceIT" time="0.033"/>
</testsuite>